# JRE version: Java(TM) SE Runtime Environment (8.0_111-b14) (build 1.8.0_111-b14)
# Java VM: Java HotSpot(TM) 64-Bit Server VM (25.111-b14 mixed mode windows-amd64 compressed oops)
Heap:
 PSYoungGen      total 328192K, used 286391K [0x00000000eb500000, 0x00000000fff00000, 0x0000000100000000)
  eden space 319488K, 89% used [0x00000000eb500000,0x00000000fccadc90,0x00000000fed00000)
  from space 8704K, 0% used [0x00000000ff680000,0x00000000ff680000,0x00000000fff00000)
  to   space 9216K, 0% used [0x00000000fed00000,0x00000000fed00000,0x00000000ff600000)
 ParOldGen       total 678912K, used 467428K [0x00000000c1e00000, 0x00000000eb500000, 0x00000000eb500000)
  object space 678912K, 68% used [0x00000000c1e00000,0x00000000de6791d8,0x00000000eb500000)
 Metaspace       used 16853K, capacity 17148K, committed 17408K, reserved 1064960K
  class space    used 2126K, capacity 2204K, committed 2304K, reserved 1048576K
GC Heap History (10 events):
Event: 22.514 GC heap before
{Heap before GC invocations=24 (full 6):
 PSYoungGen      total 329216K, used 287K [0x00000000eb500000, 0x0000000100000000, 0x0000000100000000)
  eden space 319488K, 0% used [0x00000000eb500000,0x00000000eb500000,0x00000000fed00000)
  from space 9728K, 2% used [0x00000000ff680000,0x00000000ff6c7fb8,0x0000000100000000)
  to   space 9728K, 0% used [0x00000000fed00000,0x00000000fed00000,0x00000000ff680000)
 ParOldGen       total 569344K, used 544418K [0x00000000c1e00000, 0x00000000e4a00000, 0x00000000eb500000)
  object space 569344K, 95% used [0x00000000c1e00000,0x00000000e31a8b50,0x00000000e4a00000)
 Metaspace       used 15798K, capacity 16086K, committed 16256K, reserved 1062912K
  class space    used 2006K, capacity 2107K, committed 2176K, reserved 1048576K
Event: 22.530 GC heap after
Heap after GC invocations=24 (full 6):
 PSYoungGen      total 329216K, used 0K [0x00000000eb500000, 0x0000000100000000, 0x0000000100000000)
  eden space 319488K, 0% used [0x00000000eb500000,0x00000000eb500000,0x00000000fed00000)
  from space 9728K, 0% used [0x00000000ff680000,0x00000000ff680000,0x0000000100000000)
  to   space 9728K, 0% used [0x00000000fed00000,0x00000000fed00000,0x00000000ff680000)
 ParOldGen       total 678912K, used 390444K [0x00000000c1e00000, 0x00000000eb500000, 0x00000000eb500000)
  object space 678912K, 57% used [0x00000000c1e00000,0x00000000d9b4b2f0,0x00000000eb500000)
 Metaspace       used 15798K, capacity 16086K, committed 16256K, reserved 1062912K
  class space    used 2006K, capacity 2107K, committed 2176K, reserved 1048576K
}
Event: 23.487 GC heap before
{Heap before GC invocations=25 (full 6):
 PSYoungGen      total 329216K, used 319488K [0x00000000eb500000, 0x0000000100000000, 0x0000000100000000)
  eden space 319488K, 100% used [0x00000000eb500000,0x00000000fed00000,0x00000000fed00000)
  from space 9728K, 0% used [0x00000000ff680000,0x00000000ff680000,0x0000000100000000)
  to   space 9728K, 0% used [0x00000000fed00000,0x00000000fed00000,0x00000000ff680000)
 ParOldGen       total 678912K, used 390444K [0x00000000c1e00000, 0x00000000eb500000, 0x00000000eb500000)
  object space 678912K, 57% used [0x00000000c1e00000,0x00000000d9b4b2f0,0x00000000eb500000)
 Metaspace       used 15798K, capacity 16086K, committed 16256K, reserved 1062912K
  class space    used 2006K, capacity 2107K, committed 2176K, reserved 1048576K
Event: 23.489 GC heap after
Heap after GC invocations=25 (full 6):
 PSYoungGen      total 329216K, used 32K [0x00000000eb500000, 0x0000000100000000, 0x0000000100000000)
  eden space 319488K, 0% used [0x00000000eb500000,0x00000000eb500000,0x00000000fed00000)
  from space 9728K, 0% used [0x00000000fed00000,0x00000000fed08000,0x00000000ff680000)
  to   space 9728K, 0% used [0x00000000ff680000,0x00000000ff680000,0x0000000100000000)
 ParOldGen       total 678912K, used 390444K [0x00000000c1e00000, 0x00000000eb500000, 0x00000000eb500000)
  object space 678912K, 57% used [0x00000000c1e00000,0x00000000d9b4b2f0,0x00000000eb500000)
 Metaspace       used 15798K, capacity 16086K, committed 16256K, reserved 1062912K
  class space    used 2006K, capacity 2107K, committed 2176K, reserved 1048576K
}
Event: 24.419 GC heap before
{Heap before GC invocations=26 (full 6):
 PSYoungGen      total 329216K, used 319520K [0x00000000eb500000, 0x0000000100000000, 0x0000000100000000)
  eden space 319488K, 100% used [0x00000000eb500000,0x00000000fed00000,0x00000000fed00000)
  from space 9728K, 0% used [0x00000000fed00000,0x00000000fed08000,0x00000000ff680000)
  to   space 9728K, 0% used [0x00000000ff680000,0x00000000ff680000,0x0000000100000000)
 ParOldGen       total 678912K, used 390444K [0x00000000c1e00000, 0x00000000eb500000, 0x00000000eb500000)
  object space 678912K, 57% used [0x00000000c1e00000,0x00000000d9b4b2f0,0x00000000eb500000)
 Metaspace       used 15837K, capacity 16086K, committed 16256K, reserved 1062912K
  class space    used 2012K, capacity 2107K, committed 2176K, reserved 1048576K
Event: 24.470 GC heap after
Heap after GC invocations=26 (full 6):
 PSYoungGen      total 328192K, used 415K [0x00000000eb500000, 0x00000000fff00000, 0x0000000100000000)
  eden space 319488K, 0% used [0x00000000eb500000,0x00000000eb500000,0x00000000fed00000)
  from space 8704K, 4% used [0x00000000ff680000,0x00000000ff6e7c30,0x00000000fff00000)
  to   space 9216K, 0% used [0x00000000fed00000,0x00000000fed00000,0x00000000ff600000)
 ParOldGen       total 678912K, used 621731K [0x00000000c1e00000, 0x00000000eb500000, 0x00000000eb500000)
  object space 678912K, 91% used [0x00000000c1e00000,0x00000000e7d28ff8,0x00000000eb500000)
 Metaspace       used 15837K, capacity 16086K, committed 16256K, reserved 1062912K
  class space    used 2012K, capacity 2107K, committed 2176K, reserved 1048576K
}
Event: 24.470 GC heap before
{Heap before GC invocations=27 (full 7):
 PSYoungGen      total 328192K, used 415K [0x00000000eb500000, 0x00000000fff00000, 0x0000000100000000)
  eden space 319488K, 0% used [0x00000000eb500000,0x00000000eb500000,0x00000000fed00000)
  from space 8704K, 4% used [0x00000000ff680000,0x00000000ff6e7c30,0x00000000fff00000)
  to   space 9216K, 0% used [0x00000000fed00000,0x00000000fed00000,0x00000000ff600000)
 ParOldGen       total 678912K, used 621731K [0x00000000c1e00000, 0x00000000eb500000, 0x00000000eb500000)
  object space 678912K, 91% used [0x00000000c1e00000,0x00000000e7d28ff8,0x00000000eb500000)
 Metaspace       used 15837K, capacity 16086K, committed 16256K, reserved 1062912K
  class space    used 2012K, capacity 2107K, committed 2176K, reserved 1048576K
Event: 24.487 GC heap after
Heap after GC invocations=27 (full 7):
 PSYoungGen      total 328192K, used 0K [0x00000000eb500000, 0x00000000fff00000, 0x0000000100000000)
  eden space 319488K, 0% used [0x00000000eb500000,0x00000000eb500000,0x00000000fed00000)
  from space 8704K, 0% used [0x00000000ff680000,0x00000000ff680000,0x00000000fff00000)
  to   space 9216K, 0% used [0x00000000fed00000,0x00000000fed00000,0x00000000ff600000)
 ParOldGen       total 678912K, used 467870K [0x00000000c1e00000, 0x00000000eb500000, 0x00000000eb500000)
  object space 678912K, 68% used [0x00000000c1e00000,0x00000000de6e78a8,0x00000000eb500000)
 Metaspace       used 15837K, capacity 16086K, committed 16256K, reserved 1062912K
  class space    used 2012K, capacity 2107K, committed 2176K, reserved 1048576K
}
Event: 25.469 GC heap before
{Heap before GC invocations=28 (full 8):
 PSYoungGen      total 328192K, used 319488K [0x00000000eb500000, 0x00000000fff00000, 0x0000000100000000)
  eden space 319488K, 100% used [0x00000000eb500000,0x00000000fed00000,0x00000000fed00000)
  from space 8704K, 0% used [0x00000000ff680000,0x00000000ff680000,0x00000000fff00000)
  to   space 9216K, 0% used [0x00000000fed00000,0x00000000fed00000,0x00000000ff600000)
 ParOldGen       total 678912K, used 467870K [0x00000000c1e00000, 0x00000000eb500000, 0x00000000eb500000)
  object space 678912K, 68% used [0x00000000c1e00000,0x00000000de6e78a8,0x00000000eb500000)
 Metaspace       used 15842K, capacity 16086K, committed 16256K, reserved 1062912K
  class space    used 2012K, capacity 2107K, committed 2176K, reserved 1048576K
Event: 25.581 GC heap after
Heap after GC invocations=28 (full 8):
 PSYoungGen      total 328192K, used 0K [0x00000000eb500000, 0x00000000fff00000, 0x0000000100000000)
  eden space 319488K, 0% used [0x00000000eb500000,0x00000000eb500000,0x00000000fed00000)
  from space 8704K, 0% used [0x00000000ff680000,0x00000000ff680000,0x00000000fff00000)
  to   space 9216K, 0% used [0x00000000fed00000,0x00000000fed00000,0x00000000ff600000)
 ParOldGen       total 678912K, used 467428K [0x00000000c1e00000, 0x00000000eb500000, 0x00000000eb500000)
  object space 678912K, 68% used [0x00000000c1e00000,0x00000000de6791d8,0x00000000eb500000)
 Metaspace       used 15842K, capacity 16086K, committed 16256K, reserved 1062912K
  class space    used 2012K, capacity 2107K, committed 2176K, reserved 1048576K
}

